# JRE version: OpenJDK Runtime Environment (14.0.2+12) (build 14.0.2+12-46)
# Java VM: OpenJDK 64-Bit Server VM (14.0.2+12-46, mixed mode, tiered, compressed oops, g1 gc, windows-amd64)
Heap:
 garbage-first heap   total 40960K, used 27104K [0x0000000702000000, 0x0000000800000000)
  region size 1024K, 19 young (19456K), 3 survivors (3072K)
 Metaspace       used 29127K, capacity 29520K, committed 29824K, reserved 1075200K
  class space    used 3256K, capacity 3391K, committed 3456K, reserved 1048576K
GC Heap History (8 events):
Event: 1.106 GC heap before
{Heap before GC invocations=0 (full 0):
 garbage-first heap   total 260096K, used 23552K [0x0000000702000000, 0x0000000800000000)
  region size 1024K, 23 young (23552K), 0 survivors (0K)
 Metaspace       used 13529K, capacity 13757K, committed 13952K, reserved 1062912K
  class space    used 1334K, capacity 1390K, committed 1408K, reserved 1048576K
}
Event: 1.111 GC heap after
{Heap after GC invocations=1 (full 0):
 garbage-first heap   total 260096K, used 6607K [0x0000000702000000, 0x0000000800000000)
  region size 1024K, 3 young (3072K), 3 survivors (3072K)
 Metaspace       used 13529K, capacity 13757K, committed 13952K, reserved 1062912K
  class space    used 1334K, capacity 1390K, committed 1408K, reserved 1048576K
}
Event: 1.707 GC heap before
{Heap before GC invocations=1 (full 0):
 garbage-first heap   total 260096K, used 34255K [0x0000000702000000, 0x0000000800000000)
  region size 1024K, 30 young (30720K), 3 survivors (3072K)
 Metaspace       used 19378K, capacity 19676K, committed 19840K, reserved 1067008K
  class space    used 2011K, capacity 2104K, committed 2176K, reserved 1048576K
}
Event: 1.714 GC heap after
{Heap after GC invocations=2 (full 0):
 garbage-first heap   total 260096K, used 9866K [0x0000000702000000, 0x0000000800000000)
  region size 1024K, 4 young (4096K), 4 survivors (4096K)
 Metaspace       used 19378K, capacity 19676K, committed 19840K, reserved 1067008K
  class space    used 2011K, capacity 2104K, committed 2176K, reserved 1048576K
}
Event: 1.893 GC heap before
{Heap before GC invocations=2 (full 0):
 garbage-first heap   total 260096K, used 16010K [0x0000000702000000, 0x0000000800000000)
  region size 1024K, 11 young (11264K), 4 survivors (4096K)
 Metaspace       used 20784K, capacity 21122K, committed 21248K, reserved 1069056K
  class space    used 2211K, capacity 2304K, committed 2304K, reserved 1048576K
}
Event: 1.896 GC heap after
{Heap after GC invocations=3 (full 0):
 garbage-first heap   total 260096K, used 10164K [0x0000000702000000, 0x0000000800000000)
  region size 1024K, 4 young (4096K), 4 survivors (4096K)
 Metaspace       used 20784K, capacity 21122K, committed 21248K, reserved 1069056K
  class space    used 2211K, capacity 2304K, committed 2304K, reserved 1048576K
}
Event: 4.074 GC heap before
{Heap before GC invocations=4 (full 0):
 garbage-first heap   total 40960K, used 30644K [0x0000000702000000, 0x0000000800000000)
  region size 1024K, 24 young (24576K), 4 survivors (4096K)
 Metaspace       used 25869K, capacity 26224K, committed 26368K, reserved 1073152K
  class space    used 2842K, capacity 2958K, committed 3072K, reserved 1048576K
}
Event: 4.081 GC heap after
{Heap after GC invocations=5 (full 0):
 garbage-first heap   total 40960K, used 12768K [0x0000000702000000, 0x0000000800000000)
  region size 1024K, 3 young (3072K), 3 survivors (3072K)
 Metaspace       used 25869K, capacity 26224K, committed 26368K, reserved 1073152K
  class space    used 2842K, capacity 2958K, committed 3072K, reserved 1048576K
}

