# JRE version: OpenJDK Runtime Environment (14.0.2+12) (build 14.0.2+12-46)
# Java VM: OpenJDK 64-Bit Server VM (14.0.2+12-46, mixed mode, tiered, compressed oops, g1 gc, windows-amd64)
Heap:
 garbage-first heap   total 48128K, used 15240K [0x0000000702000000, 0x0000000800000000)
  region size 1024K, 10 young (10240K), 7 survivors (7168K)
 Metaspace       used 27792K, capacity 28182K, committed 28416K, reserved 1075200K
  class space    used 3088K, capacity 3222K, committed 3328K, reserved 1048576K
GC Heap History (8 events):
Event: 1.066 GC heap before
{Heap before GC invocations=0 (full 0):
 garbage-first heap   total 260096K, used 24576K [0x0000000702000000, 0x0000000800000000)
  region size 1024K, 23 young (23552K), 0 survivors (0K)
 Metaspace       used 13506K, capacity 13757K, committed 13952K, reserved 1062912K
  class space    used 1334K, capacity 1390K, committed 1408K, reserved 1048576K
}
Event: 1.070 GC heap after
{Heap after GC invocations=1 (full 0):
 garbage-first heap   total 260096K, used 6667K [0x0000000702000000, 0x0000000800000000)
  region size 1024K, 3 young (3072K), 3 survivors (3072K)
 Metaspace       used 13506K, capacity 13757K, committed 13952K, reserved 1062912K
  class space    used 1334K, capacity 1390K, committed 1408K, reserved 1048576K
}
Event: 1.590 GC heap before
{Heap before GC invocations=1 (full 0):
 garbage-first heap   total 260096K, used 33291K [0x0000000702000000, 0x0000000800000000)
  region size 1024K, 29 young (29696K), 3 survivors (3072K)
 Metaspace       used 19219K, capacity 19516K, committed 19840K, reserved 1067008K
  class space    used 1985K, capacity 2072K, committed 2176K, reserved 1048576K
}
Event: 1.595 GC heap after
{Heap after GC invocations=2 (full 0):
 garbage-first heap   total 260096K, used 9865K [0x0000000702000000, 0x0000000800000000)
  region size 1024K, 4 young (4096K), 4 survivors (4096K)
 Metaspace       used 19219K, capacity 19516K, committed 19840K, reserved 1067008K
  class space    used 1985K, capacity 2072K, committed 2176K, reserved 1048576K
}
Event: 1.764 GC heap before
{Heap before GC invocations=2 (full 0):
 garbage-first heap   total 260096K, used 17033K [0x0000000702000000, 0x0000000800000000)
  region size 1024K, 12 young (12288K), 4 survivors (4096K)
 Metaspace       used 20766K, capacity 21058K, committed 21248K, reserved 1069056K
  class space    used 2211K, capacity 2304K, committed 2304K, reserved 1048576K
}
Event: 1.767 GC heap after
{Heap after GC invocations=3 (full 0):
 garbage-first heap   total 260096K, used 10367K [0x0000000702000000, 0x0000000800000000)
  region size 1024K, 4 young (4096K), 4 survivors (4096K)
 Metaspace       used 20766K, capacity 21058K, committed 21248K, reserved 1069056K
  class space    used 2211K, capacity 2304K, committed 2304K, reserved 1048576K
}
Event: 32.978 GC heap before
{Heap before GC invocations=4 (full 0):
 garbage-first heap   total 40960K, used 40063K [0x0000000702000000, 0x0000000800000000)
  region size 1024K, 33 young (33792K), 4 survivors (4096K)
 Metaspace       used 27565K, capacity 27982K, committed 28160K, reserved 1075200K
  class space    used 3082K, capacity 3221K, committed 3328K, reserved 1048576K
}
Event: 32.993 GC heap after
{Heap after GC invocations=5 (full 0):
 garbage-first heap   total 48128K, used 13192K [0x0000000702000000, 0x0000000800000000)
  region size 1024K, 7 young (7168K), 7 survivors (7168K)
 Metaspace       used 27565K, capacity 27982K, committed 28160K, reserved 1075200K
  class space    used 3082K, capacity 3221K, committed 3328K, reserved 1048576K
}

