<?xml version="1.0" encoding="UTF-8"?>
<!-- Generated by org.testng.reporters.JUnitXMLReporter -->
<testsuite hostname="DESKTOP-EC36FGU" ignored="7" name="Createwishlist" tests="1" failures="0" timestamp="2021-01-18T11:44:26 EST" time="40.232" errors="0">
  <testcase name="TC_03_Validatemandtoryfield2" time="26.275" classname="com.dollardays.testcases.CreateWishlistTestcase"/>
  <testcase name="TC_07_Validatemandtoryfield6" time="0.0" classname="com.dollardays.testcases.CreateWishlistTestcase">
    <ignored/>
  </testcase> <!-- TC_07_Validatemandtoryfield6 -->
  <testcase name="TC_08_Validatemandtoryfield7" time="0.0" classname="com.dollardays.testcases.CreateWishlistTestcase">
    <ignored/>
  </testcase> <!-- TC_08_Validatemandtoryfield7 -->
  <testcase name="TC_05_Validatemandtoryfield4" time="0.0" classname="com.dollardays.testcases.CreateWishlistTestcase">
    <ignored/>
  </testcase> <!-- TC_05_Validatemandtoryfield4 -->
  <testcase name="TC_04_Validatemandtoryfield3" time="0.0" classname="com.dollardays.testcases.CreateWishlistTestcase">
    <ignored/>
  </testcase> <!-- TC_04_Validatemandtoryfield3 -->
  <testcase name="TC_06_Validatemandtoryfield5" time="0.0" classname="com.dollardays.testcases.CreateWishlistTestcase">
    <ignored/>
  </testcase> <!-- TC_06_Validatemandtoryfield5 -->
  <testcase name="TC_02_Validatemandtoryfield1" time="0.0" classname="com.dollardays.testcases.CreateWishlistTestcase">
    <ignored/>
  </testcase> <!-- TC_02_Validatemandtoryfield1 -->
  <testcase name="invokecreatewish" time="0.0" classname="com.dollardays.testcases.CreateWishlistTestcase">
    <ignored/>
  </testcase> <!-- invokecreatewish -->
</testsuite> <!-- Createwishlist -->
