<?xml version="1.0" encoding="UTF-8"?>
<!-- Generated by org.testng.reporters.JUnitXMLReporter -->
<testsuite hostname="DESKTOP-EC36FGU" ignored="7" name="Default test" tests="1" failures="1" timestamp="2021-01-17T18:40:20 EST" time="22.454" errors="0">
  <testcase name="invokecreatewish" time="0.152" classname="com.dollardays.testcases.CreateWishlistTestcase">
    <failure type="java.lang.NullPointerException">
      <![CDATA[java.lang.NullPointerException
at com.dollardays.testcases.CreateWishlistTestcase.invokecreatewish(CreateWishlistTestcase.java:30)
at sun.reflect.NativeMethodAccessorImpl.invoke0(Native Method)
at sun.reflect.NativeMethodAccessorImpl.invoke(NativeMethodAccessorImpl.java:62)
at sun.reflect.DelegatingMethodAccessorImpl.invoke(DelegatingMethodAccessorImpl.java:43)
at java.lang.reflect.Method.invoke(Method.java:498)
at org.testng.internal.MethodInvocationHelper.invokeMethod(MethodInvocationHelper.java:132)
at org.testng.internal.TestInvoker.invokeMethod(TestInvoker.java:599)
at org.testng.internal.TestInvoker.invokeTestMethod(TestInvoker.java:174)
at org.testng.internal.MethodRunner.runInSequence(MethodRunner.java:46)
at org.testng.internal.TestInvoker$MethodInvocationAgent.invoke(TestInvoker.java:822)
at org.testng.internal.TestInvoker.invokeTestMethods(TestInvoker.java:147)
at org.testng.internal.TestMethodWorker.invokeTestMethods(TestMethodWorker.java:146)
at org.testng.internal.TestMethodWorker.run(TestMethodWorker.java:128)
at java.util.ArrayList.forEach(ArrayList.java:1259)
at org.testng.TestRunner.privateRun(TestRunner.java:764)
at org.testng.TestRunner.run(TestRunner.java:585)
at org.testng.SuiteRunner.runTest(SuiteRunner.java:384)
at org.testng.SuiteRunner.runSequentially(SuiteRunner.java:378)
at org.testng.SuiteRunner.privateRun(SuiteRunner.java:337)
at org.testng.SuiteRunner.run(SuiteRunner.java:286)
at org.testng.SuiteRunnerWorker.runSuite(SuiteRunnerWorker.java:53)
at org.testng.SuiteRunnerWorker.run(SuiteRunnerWorker.java:96)
at org.testng.TestNG.runSuitesSequentially(TestNG.java:1218)
at org.testng.TestNG.runSuitesLocally(TestNG.java:1140)
at org.testng.TestNG.runSuites(TestNG.java:1069)
at org.testng.TestNG.run(TestNG.java:1037)
at org.testng.remote.AbstractRemoteTestNG.run(AbstractRemoteTestNG.java:115)
at org.testng.remote.RemoteTestNG.initAndRun(RemoteTestNG.java:251)
at org.testng.remote.RemoteTestNG.main(RemoteTestNG.java:77)
]]>
    </failure>
  </testcase> <!-- invokecreatewish -->
  <testcase name="TC_07_Validatemandtoryfield6" time="0.0" classname="com.dollardays.testcases.CreateWishlistTestcase">
    <ignored/>
  </testcase> <!-- TC_07_Validatemandtoryfield6 -->
  <testcase name="TC_08_Validatemandtoryfield7" time="0.0" classname="com.dollardays.testcases.CreateWishlistTestcase">
    <ignored/>
  </testcase> <!-- TC_08_Validatemandtoryfield7 -->
  <testcase name="TC_05_Validatemandtoryfield4" time="0.0" classname="com.dollardays.testcases.CreateWishlistTestcase">
    <ignored/>
  </testcase> <!-- TC_05_Validatemandtoryfield4 -->
  <testcase name="TC_04_Validatemandtoryfield3" time="0.0" classname="com.dollardays.testcases.CreateWishlistTestcase">
    <ignored/>
  </testcase> <!-- TC_04_Validatemandtoryfield3 -->
  <testcase name="TC_06_Validatemandtoryfield5" time="0.0" classname="com.dollardays.testcases.CreateWishlistTestcase">
    <ignored/>
  </testcase> <!-- TC_06_Validatemandtoryfield5 -->
  <testcase name="TC_02_Validatemandtoryfield1" time="0.0" classname="com.dollardays.testcases.CreateWishlistTestcase">
    <ignored/>
  </testcase> <!-- TC_02_Validatemandtoryfield1 -->
  <testcase name="TC_03_Validatemandtoryfield2" time="0.0" classname="com.dollardays.testcases.CreateWishlistTestcase">
    <ignored/>
  </testcase> <!-- TC_03_Validatemandtoryfield2 -->
</testsuite> <!-- Default test -->
